<?xml version="1.0" encoding="UTF-8"?>
<coverage generated="1548410793155" clover="3.2.0">
  <project timestamp="1548410793156" name="All files">
    <metrics statements="46" coveredstatements="44" conditionals="12" coveredconditionals="12" methods="20" coveredmethods="18" elements="78" coveredelements="74" complexity="0" loc="46" ncloc="46" packages="3" files="9" classes="9">
      <package name="actions">
        <metrics statements="15" coveredstatements="15" conditionals="0" coveredconditionals="0" methods="7" coveredmethods="7"/>
        <file name="balance.js" path="C:\Users\Ashot_Israelyan\Documents\react_tdd\lootcheck\src\actions\balance.js">
          <metrics statements="6" coveredstatements="6" conditionals="0" coveredconditionals="0" methods="3" coveredmethods="3"/>
          <line num="3" count="3" type="stmt"/>
          <line num="4" count="1" type="stmt"/>
          <line num="10" count="3" type="stmt"/>
          <line num="11" count="1" type="stmt"/>
          <line num="17" count="3" type="stmt"/>
          <line num="18" count="1" type="stmt"/>
        </file>
        <file name="bitcoin.js" path="C:\Users\Ashot_Israelyan\Documents\react_tdd\lootcheck\src\actions\bitcoin.js">
          <metrics statements="5" coveredstatements="5" conditionals="0" coveredconditionals="0" methods="4" coveredmethods="4"/>
          <line num="3" count="3" type="stmt"/>
          <line num="4" count="1" type="stmt"/>
          <line num="5" count="1" type="stmt"/>
          <line num="6" count="1" type="stmt"/>
          <line num="7" count="1" type="stmt"/>
        </file>
        <file name="constants.js" path="C:\Users\Ashot_Israelyan\Documents\react_tdd\lootcheck\src\actions\constants.js">
          <metrics statements="4" coveredstatements="4" conditionals="0" coveredconditionals="0" methods="0" coveredmethods="0"/>
          <line num="1" count="8" type="stmt"/>
          <line num="2" count="8" type="stmt"/>
          <line num="3" count="8" type="stmt"/>
          <line num="4" count="8" type="stmt"/>
        </file>
      </package>
      <package name="components">
        <metrics statements="15" coveredstatements="13" conditionals="2" coveredconditionals="2" methods="11" coveredmethods="9"/>
        <file name="App.js" path="C:\Users\Ashot_Israelyan\Documents\react_tdd\lootcheck\src\components\App.js">
          <metrics statements="2" coveredstatements="2" conditionals="0" coveredconditionals="0" methods="1" coveredmethods="1"/>
          <line num="5" count="1" type="stmt"/>
          <line num="6" count="1" type="stmt"/>
        </file>
        <file name="Loot.js" path="C:\Users\Ashot_Israelyan\Documents\react_tdd\lootcheck\src\components\Loot.js">
          <metrics statements="6" coveredstatements="5" conditionals="2" coveredconditionals="2" methods="4" coveredmethods="3"/>
          <line num="7" count="3" type="stmt"/>
          <line num="11" count="3" type="stmt"/>
          <line num="13" count="3" type="cond" truecount="2" falsecount="0"/>
          <line num="15" count="1" type="stmt"/>
          <line num="19" count="3" type="stmt"/>
          <line num="28" count="0" type="stmt"/>
        </file>
        <file name="Wallet.js" path="C:\Users\Ashot_Israelyan\Documents\react_tdd\lootcheck\src\components\Wallet.js">
          <metrics statements="7" coveredstatements="6" conditionals="0" coveredconditionals="0" methods="6" coveredmethods="5"/>
          <line num="7" count="1" type="stmt"/>
          <line num="9" count="1" type="stmt"/>
          <line num="13" count="3" type="stmt"/>
          <line num="16" count="1" type="stmt"/>
          <line num="18" count="1" type="stmt"/>
          <line num="21" count="4" type="stmt"/>
          <line num="38" count="0" type="stmt"/>
        </file>
      </package>
      <package name="reducers">
        <metrics statements="16" coveredstatements="16" conditionals="10" coveredconditionals="10" methods="2" coveredmethods="2"/>
        <file name="balance.js" path="C:\Users\Ashot_Israelyan\Documents\react_tdd\lootcheck\src\reducers\balance.js">
          <metrics statements="12" coveredstatements="12" conditionals="7" coveredconditionals="7" methods="1" coveredmethods="1"/>
          <line num="4" count="2" type="stmt"/>
          <line num="6" count="2" type="cond" truecount="1" falsecount="0"/>
          <line num="9" count="7" type="cond" truecount="4" falsecount="0"/>
          <line num="11" count="1" type="stmt"/>
          <line num="12" count="1" type="stmt"/>
          <line num="14" count="1" type="stmt"/>
          <line num="15" count="1" type="stmt"/>
          <line num="17" count="1" type="stmt"/>
          <line num="18" count="1" type="stmt"/>
          <line num="20" count="4" type="cond" truecount="2" falsecount="0"/>
          <line num="23" count="7" type="stmt"/>
          <line num="25" count="7" type="stmt"/>
        </file>
        <file name="bitcoin.js" path="C:\Users\Ashot_Israelyan\Documents\react_tdd\lootcheck\src\reducers\bitcoin.js">
          <metrics statements="4" coveredstatements="4" conditionals="3" coveredconditionals="3" methods="1" coveredmethods="1"/>
          <line num="3" count="2" type="cond" truecount="1" falsecount="0"/>
          <line num="4" count="4" type="cond" truecount="2" falsecount="0"/>
          <line num="6" count="1" type="stmt"/>
          <line num="8" count="3" type="stmt"/>
        </file>
        <file name="index.js" path="C:\Users\Ashot_Israelyan\Documents\react_tdd\lootcheck\src\reducers\index.js">
          <metrics statements="0" coveredstatements="0" conditionals="0" coveredconditionals="0" methods="0" coveredmethods="0"/>
        </file>
      </package>
    </metrics>
  </project>
</coverage>
