<?xml version="1.0" encoding="UTF-8"?>
<coverage generated="1548328826842" clover="3.2.0">
  <project timestamp="1548328826842" name="All files">
    <metrics statements="19" coveredstatements="19" conditionals="2" coveredconditionals="2" methods="13" coveredmethods="12" elements="34" coveredelements="33" complexity="0" loc="19" ncloc="19" packages="2" files="3" classes="3">
      <package name="components">
        <metrics statements="17" coveredstatements="17" conditionals="0" coveredconditionals="0" methods="12" coveredmethods="11"/>
        <file name="App.js" path="C:\Users\Ashot_Israelyan\Documents\react_tdd\giftgiver\src\components\App.js">
          <metrics statements="11" coveredstatements="11" conditionals="0" coveredconditionals="0" methods="7" coveredmethods="6"/>
          <line num="8" count="1" type="stmt"/>
          <line num="10" count="1" type="stmt"/>
          <line num="16" count="4" type="stmt"/>
          <line num="18" count="4" type="stmt"/>
          <line num="20" count="4" type="stmt"/>
          <line num="22" count="4" type="stmt"/>
          <line num="24" count="4" type="stmt"/>
          <line num="28" count="1" type="stmt"/>
          <line num="29" count="1" type="stmt"/>
          <line num="33" count="10" type="stmt"/>
          <line num="38" count="4" type="stmt"/>
        </file>
        <file name="Gift.js" path="C:\Users\Ashot_Israelyan\Documents\react_tdd\giftgiver\src\components\Gift.js">
          <metrics statements="6" coveredstatements="6" conditionals="0" coveredconditionals="0" methods="5" coveredmethods="5"/>
          <line num="6" count="1" type="stmt"/>
          <line num="8" count="1" type="stmt"/>
          <line num="15" count="3" type="stmt"/>
          <line num="20" count="1" type="stmt"/>
          <line num="26" count="1" type="stmt"/>
          <line num="30" count="1" type="stmt"/>
        </file>
      </package>
      <package name="helper">
        <metrics statements="2" coveredstatements="2" conditionals="2" coveredconditionals="2" methods="1" coveredmethods="1"/>
        <file name="index.js" path="C:\Users\Ashot_Israelyan\Documents\react_tdd\giftgiver\src\helper\index.js">
          <metrics statements="2" coveredstatements="2" conditionals="2" coveredconditionals="2" methods="1" coveredmethods="1"/>
          <line num="1" count="2" type="stmt"/>
          <line num="2" count="6" type="cond" truecount="2" falsecount="0"/>
        </file>
      </package>
    </metrics>
  </project>
</coverage>
