TN:
SF:C:\Users\Ashot_Israelyan\Documents\react_tdd\giftgiver\src\components\App.js
FN:7,(anonymous_0)
FN:15,(anonymous_1)
FN:18,(anonymous_2)
FN:27,(anonymous_3)
FN:28,(anonymous_4)
FN:32,(anonymous_5)
FN:37,(anonymous_6)
FNF:7
FNH:6
FNDA:1,(anonymous_0)
FNDA:4,(anonymous_1)
FNDA:0,(anonymous_2)
FNDA:1,(anonymous_3)
FNDA:1,(anonymous_4)
FNDA:10,(anonymous_5)
FNDA:4,(anonymous_6)
DA:8,1
DA:10,1
DA:16,4
DA:18,4
DA:20,4
DA:22,4
DA:24,4
DA:28,1
DA:29,1
DA:33,10
DA:38,4
LF:11
LH:11
BRF:0
BRH:0
end_of_record
TN:
SF:C:\Users\Ashot_Israelyan\Documents\react_tdd\giftgiver\src\components\Gift.js
FN:5,(anonymous_0)
FN:14,(anonymous_1)
FN:20,(anonymous_2)
FN:26,(anonymous_3)
FN:30,(anonymous_4)
FNF:5
FNH:5
FNDA:1,(anonymous_0)
FNDA:3,(anonymous_1)
FNDA:1,(anonymous_2)
FNDA:1,(anonymous_3)
FNDA:1,(anonymous_4)
DA:6,1
DA:8,1
DA:15,3
DA:20,1
DA:26,1
DA:30,1
LF:6
LH:6
BRF:0
BRH:0
end_of_record
TN:
SF:C:\Users\Ashot_Israelyan\Documents\react_tdd\giftgiver\src\helper\index.js
FN:1,(anonymous_0)
FNF:1
FNH:1
FNDA:6,(anonymous_0)
DA:1,2
DA:2,6
LF:2
LH:2
BRDA:2,0,0,1
BRDA:2,0,1,5
BRF:2
BRH:2
end_of_record
